[{"line":2,"elements":[{"line":4,"name":"","description":"","type":"background","keyword":"Background","steps":[{"result":{"status":"skipped"},"line":5,"name":"The User should be in the Home page of the Application.","match":{"location":"org.asos.Registraion_Asos.the_user_should_be_in_the_home_page_of_the_application()"},"keyword":"Given "},{"result":{"status":"skipped"},"line":6,"name":"The User should place the cursor on the account icon.","match":{"location":"org.asos.Registraion_Asos.the_user_should_place_the_cursor_on_the_account_icon()"},"keyword":"Then "}]},{"start_timestamp":"2024-01-08T07:07:18.105Z","before":[{"result":{"error_message":"org.openqa.selenium.WebDriverException: disconnected: received Inspector.detached event\n  (failed to check if window was closed: disconnected: not connected to DevTools)\n  (Session info: chrome=120.0.6099.130)\nBuild info: version: '3.141.59', revision: 'e82be7d358', time: '2018-11-14T08:17:03'\nSystem info: host: 'DESKTOP-A4DDHOU', ip: '192.168.0.143', os.name: 'Windows 10', os.arch: 'amd64', os.version: '10.0', java.version: '1.8.0_381'\nDriver info: driver.version: ChromeDriver\nremote stacktrace: \tGetHandleVerifier [0x00007FF6EFD82142+3514994]\n\t(No symbol) [0x00007FF6EF9A0CE2]\n\t(No symbol) [0x00007FF6EF8476AA]\n\t(No symbol) [0x00007FF6EF831D04]\n\t(No symbol) [0x00007FF6EF831723]\n\t(No symbol) [0x00007FF6EF830746]\n\t(No symbol) [0x00007FF6EF8306EB]\n\t(No symbol) [0x00007FF6EF82EE3D]\n\t(No symbol) [0x00007FF6EF82F603]\n\t(No symbol) [0x00007FF6EF82E026]\n\t(No symbol) [0x00007FF6EF835644]\n\t(No symbol) [0x00007FF6EF8302A8]\n\t(No symbol) [0x00007FF6EF82EE3D]\n\t(No symbol) [0x00007FF6EF82F603]\n\t(No symbol) [0x00007FF6EF82E026]\n\t(No symbol) [0x00007FF6EF825EEA]\n\t(No symbol) [0x00007FF6EF82D62D]\n\t(No symbol) [0x00007FF6EF82D1DF]\n\t(No symbol) [0x00007FF6EF849931]\n\t(No symbol) [0x00007FF6EF82040E]\n\t(No symbol) [0x00007FF6EF81FCAC]\n\t(No symbol) [0x00007FF6EF8C0B7C]\n\t(No symbol) [0x00007FF6EF8B5D93]\n\t(No symbol) [0x00007FF6EF884BDC]\n\t(No symbol) [0x00007FF6EF885C64]\n\tGetHandleVerifier [0x00007FF6EFDAE16B+3695259]\n\tGetHandleVerifier [0x00007FF6EFE06737+4057191]\n\tGetHandleVerifier [0x00007FF6EFDFE4E3+4023827]\n\tGetHandleVerifier [0x00007FF6EFAD04F9+689705]\n\t(No symbol) [0x00007FF6EF9AC048]\n\t(No symbol) [0x00007FF6EF9A8044]\n\t(No symbol) [0x00007FF6EF9A81C9]\n\t(No symbol) [0x00007FF6EF9988C4]\n\tBaseThreadInitThunk [0x00007FFF787D7344+20]\n\tRtlUserThreadStart [0x00007FFF78BC26B1+33]\n\r\n\tat sun.reflect.NativeConstructorAccessorImpl.newInstance0(Native Method)\r\n\tat sun.reflect.NativeConstructorAccessorImpl.newInstance(Unknown Source)\r\n\tat sun.reflect.DelegatingConstructorAccessorImpl.newInstance(Unknown Source)\r\n\tat java.lang.reflect.Constructor.newInstance(Unknown Source)\r\n\tat org.openqa.selenium.remote.W3CHandshakeResponse.lambda$errorHandler$0(W3CHandshakeResponse.java:62)\r\n\tat org.openqa.selenium.remote.HandshakeResponse.lambda$getResponseFunction$0(HandshakeResponse.java:30)\r\n\tat org.openqa.selenium.remote.ProtocolHandshake.lambda$createSession$0(ProtocolHandshake.java:126)\r\n\tat java.util.stream.ReferencePipeline$3$1.accept(Unknown Source)\r\n\tat java.util.Spliterators$ArraySpliterator.tryAdvance(Unknown Source)\r\n\tat java.util.stream.ReferencePipeline.forEachWithCancel(Unknown Source)\r\n\tat java.util.stream.AbstractPipeline.copyIntoWithCancel(Unknown Source)\r\n\tat java.util.stream.AbstractPipeline.copyInto(Unknown Source)\r\n\tat java.util.stream.AbstractPipeline.wrapAndCopyInto(Unknown Source)\r\n\tat java.util.stream.FindOps$FindOp.evaluateSequential(Unknown Source)\r\n\tat java.util.stream.AbstractPipeline.evaluate(Unknown Source)\r\n\tat java.util.stream.ReferencePipeline.findFirst(Unknown Source)\r\n\tat org.openqa.selenium.remote.ProtocolHandshake.createSession(ProtocolHandshake.java:128)\r\n\tat org.openqa.selenium.remote.ProtocolHandshake.createSession(ProtocolHandshake.java:74)\r\n\tat org.openqa.selenium.remote.HttpCommandExecutor.execute(HttpCommandExecutor.java:136)\r\n\tat org.openqa.selenium.remote.service.DriverCommandExecutor.execute(DriverCommandExecutor.java:83)\r\n\tat org.openqa.selenium.remote.RemoteWebDriver.execute(RemoteWebDriver.java:552)\r\n\tat org.openqa.selenium.remote.RemoteWebDriver.startSession(RemoteWebDriver.java:213)\r\n\tat org.openqa.selenium.remote.RemoteWebDriver.<init>(RemoteWebDriver.java:131)\r\n\tat org.openqa.selenium.chrome.ChromeDriver.<init>(ChromeDriver.java:181)\r\n\tat org.openqa.selenium.chrome.ChromeDriver.<init>(ChromeDriver.java:168)\r\n\tat org.openqa.selenium.chrome.ChromeDriver.<init>(ChromeDriver.java:123)\r\n\tat org.test.parent.BaseClass.browserLaunch(BaseClass.java:71)\r\n\tat org.asos.Hooks.beforeScenarios(Hooks.java:14)\r\n","duration":48032000000,"status":"failed"},"match":{"location":"org.asos.Hooks.beforeScenarios()"}}],"line":9,"name":"To validate Login with valid data_1.","description":"","id":"to-validate-login-functionalities-of-asos-application.;to-validate-login-with-valid-data-1.","after":[{"result":{"error_message":"java.lang.NullPointerException\r\n\tat org.test.parent.BaseClass.takeScreenShot(BaseClass.java:289)\r\n\tat org.asos.Hooks.afterScenario(Hooks.java:22)\r\n","duration":9000000,"status":"failed"},"match":{"location":"org.asos.Hooks.afterScenario(io.cucumber.java.Scenario)"}}],"type":"scenario","keyword":"Scenario","steps":[{"result":{"status":"skipped"},"line":10,"name":"The User should click the \"Signin\" button.","match":{"arguments":[{"val":"\"Signin\"","offset":26}],"location":"org.asos.Registraion_Asos.the_user_should_click_the_button(java.lang.String)"},"keyword":"Then "},{"result":{"status":"skipped"},"line":11,"name":"The User should enter all the given details.","match":{"location":"org.asos.Login_Asos.the_user_should_enter_all_the_given_details(io.cucumber.datatable.DataTable)"},"rows":[{"cells":["srinathsrinathas2610@gmail.com"]},{"cells":["Srinath@123"]}],"keyword":"And "},{"result":{"status":"skipped"},"line":14,"name":"The User should click signin asos button.","match":{"location":"org.asos.Login_Asos.the_user_should_click_signin_asos_button()"},"keyword":"Then "},{"result":{"status":"skipped"},"line":15,"name":"The User need to click I am not robot button.","match":{"location":"org.asos.Registraion_Asos.the_user_need_to_click_i_am_not_robot_button()"},"keyword":"And "},{"result":{"status":"skipped"},"line":16,"name":"The User will navigate to men page","match":{"location":"org.asos.Login_Asos.the_user_will_navigate_to_men_page()"},"keyword":"Then "}],"tags":[{"name":"@log"},{"name":"@E2E"},{"name":"@smoke"}]},{"line":4,"name":"","description":"","type":"background","keyword":"Background","steps":[{"result":{"duration":1234000000,"status":"passed"},"line":5,"name":"The User should be in the Home page of the Application.","match":{"location":"org.asos.Registraion_Asos.the_user_should_be_in_the_home_page_of_the_application()"},"keyword":"Given "},{"result":{"duration":805000000,"status":"passed"},"line":6,"name":"The User should place the cursor on the account icon.","match":{"location":"org.asos.Registraion_Asos.the_user_should_place_the_cursor_on_the_account_icon()"},"keyword":"Then "}]},{"start_timestamp":"2024-01-08T07:08:07.511Z","before":[{"result":{"duration":50256000000,"status":"passed"},"match":{"location":"org.asos.Hooks.beforeScenarios()"}}],"line":19,"name":"To validate Login with valid data_2.","description":"","id":"to-validate-login-functionalities-of-asos-application.;to-validate-login-with-valid-data-2.","after":[{"result":{"duration":8011000000,"status":"passed"},"match":{"location":"org.asos.Hooks.afterScenario(io.cucumber.java.Scenario)"}}],"type":"scenario","keyword":"Scenario","steps":[{"result":{"duration":56285000000,"status":"passed"},"line":20,"name":"The User should click the \"Signin\" button.","match":{"arguments":[{"val":"\"Signin\"","offset":26}],"location":"org.asos.Registraion_Asos.the_user_should_click_the_button(java.lang.String)"},"keyword":"Then "},{"result":{"duration":2207000000,"status":"passed"},"line":21,"name":"The User should enter all the given details.","match":{"location":"org.asos.Login_Asos.the_user_should_enter_all_the_given_details(io.cucumber.datatable.DataTable)"},"rows":[{"cells":["pathma3402@gmail.com"]},{"cells":["Pathma@019"]}],"keyword":"And "},{"result":{"duration":1945000000,"status":"passed"},"line":24,"name":"The User should click signin asos button.","match":{"location":"org.asos.Login_Asos.the_user_should_click_signin_asos_button()"},"keyword":"Then "},{"result":{"error_message":"org.openqa.selenium.NoSuchElementException: no such element: Unable to locate element: {\"method\":\"css selector\",\"selector\":\"#register\"}\n  (Session info: chrome=120.0.6099.130)\nFor documentation on this error, please visit: https://www.seleniumhq.org/exceptions/no_such_element.html\nBuild info: version: '3.141.59', revision: 'e82be7d358', time: '2018-11-14T08:17:03'\nSystem info: host: 'DESKTOP-A4DDHOU', ip: '192.168.0.143', os.name: 'Windows 10', os.arch: 'amd64', os.version: '10.0', java.version: '1.8.0_381'\nDriver info: org.openqa.selenium.chrome.ChromeDriver\nCapabilities {acceptInsecureCerts: false, browserName: chrome, browserVersion: 120.0.6099.130, chrome: {chromedriverVersion: 120.0.6099.109 (3419140ab66..., userDataDir: C:\\Users\\SRI\\AppData\\Local\\...}, fedcm:accounts: true, goog:chromeOptions: {debuggerAddress: localhost:59010}, javascriptEnabled: true, networkConnectionEnabled: false, pageLoadStrategy: normal, platform: WINDOWS, platformName: WINDOWS, proxy: Proxy(), setWindowRect: true, strictFileInteractability: false, timeouts: {implicit: 0, pageLoad: 300000, script: 30000}, unhandledPromptBehavior: dismiss and notify, webauthn:extension:credBlob: true, webauthn:extension:largeBlob: true, webauthn:extension:minPinLength: true, webauthn:extension:prf: true, webauthn:virtualAuthenticators: true}\nSession ID: bef97fb32112208918c729bfa9835517\n*** Element info: {Using=id, value=register}\r\n\tat sun.reflect.NativeConstructorAccessorImpl.newInstance0(Native Method)\r\n\tat sun.reflect.NativeConstructorAccessorImpl.newInstance(Unknown Source)\r\n\tat sun.reflect.DelegatingConstructorAccessorImpl.newInstance(Unknown Source)\r\n\tat java.lang.reflect.Constructor.newInstance(Unknown Source)\r\n\tat org.openqa.selenium.remote.http.W3CHttpResponseCodec.createException(W3CHttpResponseCodec.java:187)\r\n\tat org.openqa.selenium.remote.http.W3CHttpResponseCodec.decode(W3CHttpResponseCodec.java:122)\r\n\tat org.openqa.selenium.remote.http.W3CHttpResponseCodec.decode(W3CHttpResponseCodec.java:49)\r\n\tat org.openqa.selenium.remote.HttpCommandExecutor.execute(HttpCommandExecutor.java:158)\r\n\tat org.openqa.selenium.remote.service.DriverCommandExecutor.execute(DriverCommandExecutor.java:83)\r\n\tat org.openqa.selenium.remote.RemoteWebDriver.execute(RemoteWebDriver.java:552)\r\n\tat org.openqa.selenium.remote.RemoteWebDriver.findElement(RemoteWebDriver.java:323)\r\n\tat org.openqa.selenium.remote.RemoteWebDriver.findElementById(RemoteWebDriver.java:372)\r\n\tat org.openqa.selenium.By$ById.findElement(By.java:188)\r\n\tat org.openqa.selenium.remote.RemoteWebDriver.findElement(RemoteWebDriver.java:315)\r\n\tat org.openqa.selenium.support.pagefactory.DefaultElementLocator.findElement(DefaultElementLocator.java:69)\r\n\tat org.openqa.selenium.support.pagefactory.internal.LocatingElementHandler.invoke(LocatingElementHandler.java:38)\r\n\tat com.sun.proxy.$Proxy21.click(Unknown Source)\r\n\tat org.test.parent.BaseClass.click(BaseClass.java:118)\r\n\tat org.asos.Registraion_Asos.the_user_need_to_click_i_am_not_robot_button(Registraion_Asos.java:69)\r\n\tat âœ½.The User need to click I am not robot button.(file:///C:/Users/SRI/eclipse-workspace/Cucumber_TestNg_1/src/test/resources/Features/Asos/log_Asos.feature:25)\r\n","duration":20141000000,"status":"failed"},"line":25,"name":"The User need to click I am not robot button.","match":{"location":"org.asos.Registraion_Asos.the_user_need_to_click_i_am_not_robot_button()"},"keyword":"And "},{"result":{"status":"skipped"},"line":26,"name":"The User will navigate to men page","match":{"location":"org.asos.Login_Asos.the_user_will_navigate_to_men_page()"},"keyword":"Then "}],"tags":[{"name":"@log"},{"name":"@E2E"},{"name":"@sanity"}]},{"line":4,"name":"","description":"","type":"background","keyword":"Background","steps":[{"result":{"status":"skipped"},"line":5,"name":"The User should be in the Home page of the Application.","match":{"location":"org.asos.Registraion_Asos.the_user_should_be_in_the_home_page_of_the_application()"},"keyword":"Given "},{"result":{"status":"skipped"},"line":6,"name":"The User should place the cursor on the account icon.","match":{"location":"org.asos.Registraion_Asos.the_user_should_place_the_cursor_on_the_account_icon()"},"keyword":"Then "}]},{"start_timestamp":"2024-01-08T07:10:28.466Z","before":[{"result":{"error_message":"org.openqa.selenium.WebDriverException: disconnected: not connected to DevTools\n  (failed to check if window was closed: disconnected: not connected to DevTools)\n  (Session info: chrome=120.0.6099.130)\nBuild info: version: '3.141.59', revision: 'e82be7d358', time: '2018-11-14T08:17:03'\nSystem info: host: 'DESKTOP-A4DDHOU', ip: '192.168.0.143', os.name: 'Windows 10', os.arch: 'amd64', os.version: '10.0', java.version: '1.8.0_381'\nDriver info: org.openqa.selenium.chrome.ChromeDriver\nCapabilities {acceptInsecureCerts: false, browserName: chrome, browserVersion: 120.0.6099.130, chrome: {chromedriverVersion: 120.0.6099.109 (3419140ab66..., userDataDir: C:\\Users\\SRI\\AppData\\Local\\...}, fedcm:accounts: true, goog:chromeOptions: {debuggerAddress: localhost:59262}, javascriptEnabled: true, networkConnectionEnabled: false, pageLoadStrategy: normal, platform: WINDOWS, platformName: WINDOWS, proxy: Proxy(), setWindowRect: true, strictFileInteractability: false, timeouts: {implicit: 0, pageLoad: 300000, script: 30000}, unhandledPromptBehavior: dismiss and notify, webauthn:extension:credBlob: true, webauthn:extension:largeBlob: true, webauthn:extension:minPinLength: true, webauthn:extension:prf: true, webauthn:virtualAuthenticators: true}\nSession ID: e9935a734618a7346ad118edb0383a4e\r\n\tat sun.reflect.NativeConstructorAccessorImpl.newInstance0(Native Method)\r\n\tat sun.reflect.NativeConstructorAccessorImpl.newInstance(Unknown Source)\r\n\tat sun.reflect.DelegatingConstructorAccessorImpl.newInstance(Unknown Source)\r\n\tat java.lang.reflect.Constructor.newInstance(Unknown Source)\r\n\tat org.openqa.selenium.remote.http.W3CHttpResponseCodec.createException(W3CHttpResponseCodec.java:187)\r\n\tat org.openqa.selenium.remote.http.W3CHttpResponseCodec.decode(W3CHttpResponseCodec.java:122)\r\n\tat org.openqa.selenium.remote.http.W3CHttpResponseCodec.decode(W3CHttpResponseCodec.java:49)\r\n\tat org.openqa.selenium.remote.HttpCommandExecutor.execute(HttpCommandExecutor.java:158)\r\n\tat org.openqa.selenium.remote.service.DriverCommandExecutor.execute(DriverCommandExecutor.java:83)\r\n\tat org.openqa.selenium.remote.RemoteWebDriver.execute(RemoteWebDriver.java:552)\r\n\tat org.openqa.selenium.remote.RemoteWebDriver.execute(RemoteWebDriver.java:609)\r\n\tat org.openqa.selenium.remote.RemoteWebDriver$RemoteWebDriverOptions$RemoteWindow.maximize(RemoteWebDriver.java:837)\r\n\tat org.test.parent.BaseClass.urlLaunch(BaseClass.java:91)\r\n\tat org.asos.Hooks.beforeScenarios(Hooks.java:15)\r\n","duration":43839000000,"status":"failed"},"match":{"location":"org.asos.Hooks.beforeScenarios()"}}],"line":29,"name":"To validate Login with valid data_3.","description":"","id":"to-validate-login-functionalities-of-asos-application.;to-validate-login-with-valid-data-3.","after":[{"result":{"error_message":"org.openqa.selenium.WebDriverException: disconnected: not connected to DevTools\n  (failed to check if window was closed: disconnected: not connected to DevTools)\n  (Session info: chrome=120.0.6099.130)\nBuild info: version: '3.141.59', revision: 'e82be7d358', time: '2018-11-14T08:17:03'\nSystem info: host: 'DESKTOP-A4DDHOU', ip: '192.168.0.143', os.name: 'Windows 10', os.arch: 'amd64', os.version: '10.0', java.version: '1.8.0_381'\nDriver info: org.openqa.selenium.chrome.ChromeDriver\nCapabilities {acceptInsecureCerts: false, browserName: chrome, browserVersion: 120.0.6099.130, chrome: {chromedriverVersion: 120.0.6099.109 (3419140ab66..., userDataDir: C:\\Users\\SRI\\AppData\\Local\\...}, fedcm:accounts: true, goog:chromeOptions: {debuggerAddress: localhost:59262}, javascriptEnabled: true, networkConnectionEnabled: false, pageLoadStrategy: normal, platform: WINDOWS, platformName: WINDOWS, proxy: Proxy(), setWindowRect: true, strictFileInteractability: false, timeouts: {implicit: 0, pageLoad: 300000, script: 30000}, unhandledPromptBehavior: dismiss and notify, webauthn:extension:credBlob: true, webauthn:extension:largeBlob: true, webauthn:extension:minPinLength: true, webauthn:extension:prf: true, webauthn:virtualAuthenticators: true}\nSession ID: e9935a734618a7346ad118edb0383a4e\r\n\tat sun.reflect.NativeConstructorAccessorImpl.newInstance0(Native Method)\r\n\tat sun.reflect.NativeConstructorAccessorImpl.newInstance(Unknown Source)\r\n\tat sun.reflect.DelegatingConstructorAccessorImpl.newInstance(Unknown Source)\r\n\tat java.lang.reflect.Constructor.newInstance(Unknown Source)\r\n\tat org.openqa.selenium.remote.http.W3CHttpResponseCodec.createException(W3CHttpResponseCodec.java:187)\r\n\tat org.openqa.selenium.remote.http.W3CHttpResponseCodec.decode(W3CHttpResponseCodec.java:122)\r\n\tat org.openqa.selenium.remote.http.W3CHttpResponseCodec.decode(W3CHttpResponseCodec.java:49)\r\n\tat org.openqa.selenium.remote.HttpCommandExecutor.execute(HttpCommandExecutor.java:158)\r\n\tat org.openqa.selenium.remote.service.DriverCommandExecutor.execute(DriverCommandExecutor.java:83)\r\n\tat org.openqa.selenium.remote.RemoteWebDriver.execute(RemoteWebDriver.java:552)\r\n\tat org.openqa.selenium.remote.RemoteWebDriver.execute(RemoteWebDriver.java:609)\r\n\tat org.openqa.selenium.remote.RemoteWebDriver.getScreenshotAs(RemoteWebDriver.java:295)\r\n\tat org.test.parent.BaseClass.takeScreenShot(BaseClass.java:289)\r\n\tat org.asos.Hooks.afterScenario(Hooks.java:22)\r\n","duration":19000000,"status":"failed"},"match":{"location":"org.asos.Hooks.afterScenario(io.cucumber.java.Scenario)"}}],"type":"scenario","keyword":"Scenario","steps":[{"result":{"status":"skipped"},"line":30,"name":"The User should click the \"Signin\" button.","match":{"arguments":[{"val":"\"Signin\"","offset":26}],"location":"org.asos.Registraion_Asos.the_user_should_click_the_button(java.lang.String)"},"keyword":"Then "},{"result":{"status":"skipped"},"line":31,"name":"The User should enter all the given details.","match":{"location":"org.asos.Login_Asos.the_user_should_enter_all_the_given_details(io.cucumber.datatable.DataTable)"},"rows":[{"cells":["shandhini2001@gmail.com"]},{"cells":["Shandhu@2001"]}],"keyword":"And "},{"result":{"status":"skipped"},"line":34,"name":"The User should click signin asos button.","match":{"location":"org.asos.Login_Asos.the_user_should_click_signin_asos_button()"},"keyword":"Then "},{"result":{"status":"skipped"},"line":35,"name":"The User need to click I am not robot button.","match":{"location":"org.asos.Registraion_Asos.the_user_need_to_click_i_am_not_robot_button()"},"keyword":"And "},{"result":{"status":"skipped"},"line":36,"name":"The User will navigate to men page","match":{"location":"org.asos.Login_Asos.the_user_will_navigate_to_men_page()"},"keyword":"Then "}],"tags":[{"name":"@log"},{"name":"@E2E"},{"name":"@regression"}]},{"line":4,"name":"","description":"","type":"background","keyword":"Background","steps":[{"result":{"status":"skipped"},"line":5,"name":"The User should be in the Home page of the Application.","match":{"location":"org.asos.Registraion_Asos.the_user_should_be_in_the_home_page_of_the_application()"},"keyword":"Given "},{"result":{"status":"skipped"},"line":6,"name":"The User should place the cursor on the account icon.","match":{"location":"org.asos.Registraion_Asos.the_user_should_place_the_cursor_on_the_account_icon()"},"keyword":"Then "}]},{"start_timestamp":"2024-01-08T07:11:12.384Z","before":[{"result":{"error_message":"org.openqa.selenium.WebDriverException: target frame detached\n  (failed to check if window was closed: disconnected: unable to send message to renderer)\n  (Session info: chrome=120.0.6099.130)\nBuild info: version: '3.141.59', revision: 'e82be7d358', time: '2018-11-14T08:17:03'\nSystem info: host: 'DESKTOP-A4DDHOU', ip: '192.168.0.143', os.name: 'Windows 10', os.arch: 'amd64', os.version: '10.0', java.version: '1.8.0_381'\nDriver info: org.openqa.selenium.chrome.ChromeDriver\nCapabilities {acceptInsecureCerts: false, browserName: chrome, browserVersion: 120.0.6099.130, chrome: {chromedriverVersion: 120.0.6099.109 (3419140ab66..., userDataDir: C:\\Users\\SRI\\AppData\\Local\\...}, fedcm:accounts: true, goog:chromeOptions: {debuggerAddress: localhost:59349}, javascriptEnabled: true, networkConnectionEnabled: false, pageLoadStrategy: normal, platform: WINDOWS, platformName: WINDOWS, proxy: Proxy(), setWindowRect: true, strictFileInteractability: false, timeouts: {implicit: 0, pageLoad: 300000, script: 30000}, unhandledPromptBehavior: dismiss and notify, webauthn:extension:credBlob: true, webauthn:extension:largeBlob: true, webauthn:extension:minPinLength: true, webauthn:extension:prf: true, webauthn:virtualAuthenticators: true}\nSession ID: c569f4fc0795f61a5a695eca6bb4f6d0\r\n\tat sun.reflect.NativeConstructorAccessorImpl.newInstance0(Native Method)\r\n\tat sun.reflect.NativeConstructorAccessorImpl.newInstance(Unknown Source)\r\n\tat sun.reflect.DelegatingConstructorAccessorImpl.newInstance(Unknown Source)\r\n\tat java.lang.reflect.Constructor.newInstance(Unknown Source)\r\n\tat org.openqa.selenium.remote.http.W3CHttpResponseCodec.createException(W3CHttpResponseCodec.java:187)\r\n\tat org.openqa.selenium.remote.http.W3CHttpResponseCodec.decode(W3CHttpResponseCodec.java:122)\r\n\tat org.openqa.selenium.remote.http.W3CHttpResponseCodec.decode(W3CHttpResponseCodec.java:49)\r\n\tat org.openqa.selenium.remote.HttpCommandExecutor.execute(HttpCommandExecutor.java:158)\r\n\tat org.openqa.selenium.remote.service.DriverCommandExecutor.execute(DriverCommandExecutor.java:83)\r\n\tat org.openqa.selenium.remote.RemoteWebDriver.execute(RemoteWebDriver.java:552)\r\n\tat org.openqa.selenium.remote.RemoteWebDriver.get(RemoteWebDriver.java:277)\r\n\tat org.test.parent.BaseClass.urlLaunch(BaseClass.java:90)\r\n\tat org.asos.Hooks.beforeScenarios(Hooks.java:15)\r\n","duration":9692000000,"status":"failed"},"match":{"location":"org.asos.Hooks.beforeScenarios()"}}],"line":39,"name":"To validate Login with valid data_4.","description":"","id":"to-validate-login-functionalities-of-asos-application.;to-validate-login-with-valid-data-4.","after":[{"result":{"error_message":"org.openqa.selenium.WebDriverException: disconnected: not connected to DevTools\n  (failed to check if window was closed: disconnected: not connected to DevTools)\n  (Session info: chrome=120.0.6099.130)\nBuild info: version: '3.141.59', revision: 'e82be7d358', time: '2018-11-14T08:17:03'\nSystem info: host: 'DESKTOP-A4DDHOU', ip: '192.168.0.143', os.name: 'Windows 10', os.arch: 'amd64', os.version: '10.0', java.version: '1.8.0_381'\nDriver info: org.openqa.selenium.chrome.ChromeDriver\nCapabilities {acceptInsecureCerts: false, browserName: chrome, browserVersion: 120.0.6099.130, chrome: {chromedriverVersion: 120.0.6099.109 (3419140ab66..., userDataDir: C:\\Users\\SRI\\AppData\\Local\\...}, fedcm:accounts: true, goog:chromeOptions: {debuggerAddress: localhost:59349}, javascriptEnabled: true, networkConnectionEnabled: false, pageLoadStrategy: normal, platform: WINDOWS, platformName: WINDOWS, proxy: Proxy(), setWindowRect: true, strictFileInteractability: false, timeouts: {implicit: 0, pageLoad: 300000, script: 30000}, unhandledPromptBehavior: dismiss and notify, webauthn:extension:credBlob: true, webauthn:extension:largeBlob: true, webauthn:extension:minPinLength: true, webauthn:extension:prf: true, webauthn:virtualAuthenticators: true}\nSession ID: c569f4fc0795f61a5a695eca6bb4f6d0\r\n\tat sun.reflect.NativeConstructorAccessorImpl.newInstance0(Native Method)\r\n\tat sun.reflect.NativeConstructorAccessorImpl.newInstance(Unknown Source)\r\n\tat sun.reflect.DelegatingConstructorAccessorImpl.newInstance(Unknown Source)\r\n\tat java.lang.reflect.Constructor.newInstance(Unknown Source)\r\n\tat org.openqa.selenium.remote.http.W3CHttpResponseCodec.createException(W3CHttpResponseCodec.java:187)\r\n\tat org.openqa.selenium.remote.http.W3CHttpResponseCodec.decode(W3CHttpResponseCodec.java:122)\r\n\tat org.openqa.selenium.remote.http.W3CHttpResponseCodec.decode(W3CHttpResponseCodec.java:49)\r\n\tat org.openqa.selenium.remote.HttpCommandExecutor.execute(HttpCommandExecutor.java:158)\r\n\tat org.openqa.selenium.remote.service.DriverCommandExecutor.execute(DriverCommandExecutor.java:83)\r\n\tat org.openqa.selenium.remote.RemoteWebDriver.execute(RemoteWebDriver.java:552)\r\n\tat org.openqa.selenium.remote.RemoteWebDriver.execute(RemoteWebDriver.java:609)\r\n\tat org.openqa.selenium.remote.RemoteWebDriver.getScreenshotAs(RemoteWebDriver.java:295)\r\n\tat org.test.parent.BaseClass.takeScreenShot(BaseClass.java:289)\r\n\tat org.asos.Hooks.afterScenario(Hooks.java:22)\r\n","duration":53000000,"status":"failed"},"match":{"location":"org.asos.Hooks.afterScenario(io.cucumber.java.Scenario)"}}],"type":"scenario","keyword":"Scenario","steps":[{"result":{"status":"skipped"},"line":40,"name":"The User should click the \"Signin\" button.","match":{"arguments":[{"val":"\"Signin\"","offset":26}],"location":"org.asos.Registraion_Asos.the_user_should_click_the_button(java.lang.String)"},"keyword":"Then "},{"result":{"status":"skipped"},"line":41,"name":"The User should enter all the given details.","match":{"location":"org.asos.Login_Asos.the_user_should_enter_all_the_given_details(io.cucumber.datatable.DataTable)"},"rows":[{"cells":["pdharanibvn@gmail.com"]},{"cells":["Dhaaru@2506"]}],"keyword":"And "},{"result":{"status":"skipped"},"line":44,"name":"The User should click signin asos button.","match":{"location":"org.asos.Login_Asos.the_user_should_click_signin_asos_button()"},"keyword":"Then "},{"result":{"status":"skipped"},"line":45,"name":"The User need to click I am not robot button.","match":{"location":"org.asos.Registraion_Asos.the_user_need_to_click_i_am_not_robot_button()"},"keyword":"And "},{"result":{"status":"skipped"},"line":46,"name":"The User will navigate to men page","match":{"location":"org.asos.Login_Asos.the_user_will_navigate_to_men_page()"},"keyword":"Then "}],"tags":[{"name":"@log"},{"name":"@E2E"},{"name":"@retest"}]}],"name":"To validate Login functionalities of ASOS Application.","description":"","id":"to-validate-login-functionalities-of-asos-application.","keyword":"Feature","uri":"file:src/test/resources/Features/Asos/log_Asos.feature","tags":[{"name":"@log","type":"Tag","location":{"line":1,"column":1}},{"name":"@E2E","type":"Tag","location":{"line":1,"column":6}}]}]